android/app/build/intermediates/manifest_merge_blame_file/debug/processDebugMainManifest/manifest-merger-blame-debug-report.txt
1<?xml version="1.0" encoding="utf-8"?>
2<manifest xmlns:android="http://schemas.android.com/apk/res/android"
3    package="com.emo.launcher"
4    android:versionCode="1"
5    android:versionName="1.0.0" >
6
7    <uses-sdk
8        android:minSdkVersion="26"
9        android:targetSdkVersion="35" />
10
11    <!-- ===== PERMISSIONS ===== -->
12
13
14    <!-- Core -->
15    <uses-permission android:name="android.permission.INTERNET" />
15-->src\main\AndroidManifest.xml:8:5-67
15-->src\main\AndroidManifest.xml:8:22-64
16    <uses-permission android:name="android.permission.VIBRATE" />
16-->src\main\AndroidManifest.xml:9:5-66
16-->src\main\AndroidManifest.xml:9:22-63
17    <uses-permission android:name="android.permission.RECEIVE_BOOT_COMPLETED" />
17-->src\main\AndroidManifest.xml:10:5-81
17-->src\main\AndroidManifest.xml:10:22-78
18    <uses-permission android:name="android.permission.FOREGROUND_SERVICE" />
18-->src\main\AndroidManifest.xml:11:5-77
18-->src\main\AndroidManifest.xml:11:22-74
19    <uses-permission android:name="android.permission.FOREGROUND_SERVICE_SPECIAL_USE" />
19-->src\main\AndroidManifest.xml:12:5-89
19-->src\main\AndroidManifest.xml:12:22-86
20    <uses-permission android:name="android.permission.WAKE_LOCK" />
20-->src\main\AndroidManifest.xml:13:5-68
20-->src\main\AndroidManifest.xml:13:22-65
21
22    <!-- Full device control -->
23    <uses-permission android:name="android.permission.SYSTEM_ALERT_WINDOW" />
23-->src\main\AndroidManifest.xml:16:5-78
23-->src\main\AndroidManifest.xml:16:22-75
24    <uses-permission android:name="android.permission.QUERY_ALL_PACKAGES" />
24-->src\main\AndroidManifest.xml:17:5-18:53
24-->src\main\AndroidManifest.xml:17:22-74
25    <uses-permission android:name="android.permission.REQUEST_IGNORE_BATTERY_OPTIMIZATIONS" />
25-->src\main\AndroidManifest.xml:19:5-95
25-->src\main\AndroidManifest.xml:19:22-92
26    <uses-permission android:name="android.permission.PACKAGE_USAGE_STATS" />
26-->src\main\AndroidManifest.xml:20:5-21:47
26-->src\main\AndroidManifest.xml:20:22-75
27
28    <!-- Hardware access -->
29    <uses-permission android:name="android.permission.ACCESS_NETWORK_STATE" />
29-->src\main\AndroidManifest.xml:24:5-79
29-->src\main\AndroidManifest.xml:24:22-76
30    <uses-permission android:name="android.permission.ACCESS_WIFI_STATE" />
30-->src\main\AndroidManifest.xml:25:5-76
30-->src\main\AndroidManifest.xml:25:22-73
31
32    <permission
32-->[androidx.core:core:1.15.0] AndroidManifest.xml:22:5-24:47
33        android:name="com.emo.launcher.DYNAMIC_RECEIVER_NOT_EXPORTED_PERMISSION"
33-->[androidx.core:core:1.15.0] AndroidManifest.xml:23:9-81
34        android:protectionLevel="signature" />
34-->[androidx.core:core:1.15.0] AndroidManifest.xml:24:9-44
35
36    <uses-permission android:name="com.emo.launcher.DYNAMIC_RECEIVER_NOT_EXPORTED_PERMISSION" />
36-->[androidx.core:core:1.15.0] AndroidManifest.xml:26:5-97
36-->[androidx.core:core:1.15.0] AndroidManifest.xml:26:22-94
37
38    <application
38-->src\main\AndroidManifest.xml:27:5-112:19
39        android:allowBackup="false"
39-->src\main\AndroidManifest.xml:28:9-36
40        android:appComponentFactory="androidx.core.app.CoreComponentFactory"
40-->[androidx.core:core:1.15.0] AndroidManifest.xml:28:18-86
41        android:debuggable="true"
42        android:extractNativeLibs="false"
43        android:hardwareAccelerated="true"
43-->src\main\AndroidManifest.xml:34:9-43
44        android:icon="@android:drawable/sym_def_app_icon"
44-->src\main\AndroidManifest.xml:29:9-58
45        android:label="EMO"
45-->src\main\AndroidManifest.xml:30:9-28
46        android:largeHeap="true"
46-->src\main\AndroidManifest.xml:35:9-33
47        android:supportsRtl="true"
47-->src\main\AndroidManifest.xml:31:9-35
48        android:theme="@style/Theme.EMO"
48-->src\main\AndroidManifest.xml:32:9-41
49        android:usesCleartextTraffic="true" >
49-->src\main\AndroidManifest.xml:33:9-44
50
51        <!-- ===== MAIN LAUNCHER ACTIVITY ===== -->
52        <activity
52-->src\main\AndroidManifest.xml:39:9-57:20
53            android:name="com.emo.launcher.LauncherActivity"
53-->src\main\AndroidManifest.xml:40:13-45
54            android:configChanges="orientation|screenSize|keyboardHidden|keyboard|navigation"
54-->src\main\AndroidManifest.xml:46:13-94
55            android:exported="true"
55-->src\main\AndroidManifest.xml:41:13-36
56            android:launchMode="singleTask"
56-->src\main\AndroidManifest.xml:42:13-44
57            android:resumeWhilePausing="true"
57-->src\main\AndroidManifest.xml:44:13-46
58            android:screenOrientation="portrait"
58-->src\main\AndroidManifest.xml:45:13-49
59            android:stateNotNeeded="true"
59-->src\main\AndroidManifest.xml:43:13-42
60            android:theme="@style/Theme.EMO"
60-->src\main\AndroidManifest.xml:48:13-45
61            android:windowSoftInputMode="adjustResize" >
61-->src\main\AndroidManifest.xml:47:13-55
62
63            <!-- Register as a HOME launcher -->
64            <intent-filter>
64-->src\main\AndroidManifest.xml:51:13-56:29
65                <action android:name="android.intent.action.MAIN" />
65-->src\main\AndroidManifest.xml:52:17-69
65-->src\main\AndroidManifest.xml:52:25-66
66
67                <category android:name="android.intent.category.HOME" />
67-->src\main\AndroidManifest.xml:53:17-73
67-->src\main\AndroidManifest.xml:53:27-70
68                <category android:name="android.intent.category.DEFAULT" />
68-->src\main\AndroidManifest.xml:54:17-76
68-->src\main\AndroidManifest.xml:54:27-73
69                <category android:name="android.intent.category.LAUNCHER" />
69-->src\main\AndroidManifest.xml:55:17-77
69-->src\main\AndroidManifest.xml:55:27-74
70            </intent-filter>
71        </activity>
72
73        <!-- ===== SETUP WIZARD ===== -->
74        <activity
74-->src\main\AndroidManifest.xml:60:9-64:48
75            android:name="com.emo.launcher.SetupWizardActivity"
75-->src\main\AndroidManifest.xml:61:13-48
76            android:exported="false"
76-->src\main\AndroidManifest.xml:62:13-37
77            android:screenOrientation="portrait"
77-->src\main\AndroidManifest.xml:63:13-49
78            android:theme="@style/Theme.EMO" />
78-->src\main\AndroidManifest.xml:64:13-45
79
80        <!-- ===== WATCHDOG FOREGROUND SERVICE ===== -->
81        <service
81-->src\main\AndroidManifest.xml:67:9-74:19
82            android:name="com.emo.launcher.services.WatchdogService"
82-->src\main\AndroidManifest.xml:68:13-53
83            android:exported="false"
83-->src\main\AndroidManifest.xml:69:13-37
84            android:foregroundServiceType="specialUse" >
84-->src\main\AndroidManifest.xml:70:13-55
85            <property
85-->src\main\AndroidManifest.xml:71:13-73:89
86                android:name="android.app.PROPERTY_SPECIAL_USE_FGS_SUBTYPE"
86-->src\main\AndroidManifest.xml:72:17-76
87                android:value="Device monitoring and self-healing for EMO AI backend" />
87-->src\main\AndroidManifest.xml:73:17-86
88        </service>
89
90        <!-- ===== ACCESSIBILITY SERVICE (intercept Back/Recents) ===== -->
91        <service
91-->src\main\AndroidManifest.xml:77:9-87:19
92            android:name="com.emo.launcher.services.EmoAccessibilityService"
92-->src\main\AndroidManifest.xml:78:13-61
93            android:exported="true"
93-->src\main\AndroidManifest.xml:79:13-36
94            android:permission="android.permission.BIND_ACCESSIBILITY_SERVICE" >
94-->src\main\AndroidManifest.xml:80:13-79
95            <intent-filter>
95-->src\main\AndroidManifest.xml:81:13-83:29
96                <action android:name="android.accessibilityservice.AccessibilityService" />
96-->src\main\AndroidManifest.xml:82:17-92
96-->src\main\AndroidManifest.xml:82:25-89
97            </intent-filter>
98
99            <meta-data
99-->src\main\AndroidManifest.xml:84:13-86:64
100                android:name="android.accessibilityservice"
100-->src\main\AndroidManifest.xml:85:17-60
101                android:resource="@xml/accessibility_config" />
101-->src\main\AndroidManifest.xml:86:17-61
102        </service>
103
104        <!-- ===== NOTIFICATION LISTENER ===== -->
105        <service
105-->src\main\AndroidManifest.xml:90:9-97:19
106            android:name="com.emo.launcher.services.EmoNotificationListener"
106-->src\main\AndroidManifest.xml:91:13-61
107            android:exported="true"
107-->src\main\AndroidManifest.xml:92:13-36
108            android:permission="android.permission.BIND_NOTIFICATION_LISTENER_SERVICE" >
108-->src\main\AndroidManifest.xml:93:13-87
109            <intent-filter>
109-->src\main\AndroidManifest.xml:94:13-96:29
110                <action android:name="android.service.notification.NotificationListenerService" />
110-->src\main\AndroidManifest.xml:95:17-99
110-->src\main\AndroidManifest.xml:95:25-96
111            </intent-filter>
112        </service>
113
114        <!-- ===== BOOT RECEIVER ===== -->
115        <receiver
115-->src\main\AndroidManifest.xml:100:9-110:20
116            android:name="com.emo.launcher.receiver.BootReceiver"
116-->src\main\AndroidManifest.xml:101:13-50
117            android:enabled="true"
117-->src\main\AndroidManifest.xml:102:13-35
118            android:exported="true" >
118-->src\main\AndroidManifest.xml:103:13-36
119            <intent-filter>
119-->src\main\AndroidManifest.xml:104:13-109:29
120                <action android:name="android.intent.action.BOOT_COMPLETED" />
120-->src\main\AndroidManifest.xml:105:17-79
120-->src\main\AndroidManifest.xml:105:25-76
121                <action android:name="android.intent.action.QUICKBOOT_POWERON" />
121-->src\main\AndroidManifest.xml:106:17-82
121-->src\main\AndroidManifest.xml:106:25-79
122                <!-- Vivo/Xiaomi-specific boot actions -->
123                <action android:name="com.htc.intent.action.QUICKBOOT_POWERON" />
123-->src\main\AndroidManifest.xml:108:17-82
123-->src\main\AndroidManifest.xml:108:25-79
124            </intent-filter>
125        </receiver>
126
127        <provider
127-->[androidx.emoji2:emoji2:1.3.0] AndroidManifest.xml:24:9-32:20
128            android:name="androidx.startup.InitializationProvider"
128-->[androidx.emoji2:emoji2:1.3.0] AndroidManifest.xml:25:13-67
129            android:authorities="com.emo.launcher.androidx-startup"
129-->[androidx.emoji2:emoji2:1.3.0] AndroidManifest.xml:26:13-68
130            android:exported="false" >
130-->[androidx.emoji2:emoji2:1.3.0] AndroidManifest.xml:27:13-37
131            <meta-data
131-->[androidx.emoji2:emoji2:1.3.0] AndroidManifest.xml:29:13-31:52
132                android:name="androidx.emoji2.text.EmojiCompatInitializer"
132-->[androidx.emoji2:emoji2:1.3.0] AndroidManifest.xml:30:17-75
133                android:value="androidx.startup" />
133-->[androidx.emoji2:emoji2:1.3.0] AndroidManifest.xml:31:17-49
134            <meta-data
134-->[androidx.lifecycle:lifecycle-process:2.8.7] AndroidManifest.xml:29:13-31:52
135                android:name="androidx.lifecycle.ProcessLifecycleInitializer"
135-->[androidx.lifecycle:lifecycle-process:2.8.7] AndroidManifest.xml:30:17-78
136                android:value="androidx.startup" />
136-->[androidx.lifecycle:lifecycle-process:2.8.7] AndroidManifest.xml:31:17-49
137            <meta-data
137-->[androidx.profileinstaller:profileinstaller:1.3.1] AndroidManifest.xml:29:13-31:52
138                android:name="androidx.profileinstaller.ProfileInstallerInitializer"
138-->[androidx.profileinstaller:profileinstaller:1.3.1] AndroidManifest.xml:30:17-85
139                android:value="androidx.startup" />
139-->[androidx.profileinstaller:profileinstaller:1.3.1] AndroidManifest.xml:31:17-49
140        </provider>
141
142        <receiver
142-->[androidx.profileinstaller:profileinstaller:1.3.1] AndroidManifest.xml:34:9-52:20
143            android:name="androidx.profileinstaller.ProfileInstallReceiver"
143-->[androidx.profileinstaller:profileinstaller:1.3.1] AndroidManifest.xml:35:13-76
144            android:directBootAware="false"
144-->[androidx.profileinstaller:profileinstaller:1.3.1] AndroidManifest.xml:36:13-44
145            android:enabled="true"
145-->[androidx.profileinstaller:profileinstaller:1.3.1] AndroidManifest.xml:37:13-35
146            android:exported="true"
146-->[androidx.profileinstaller:profileinstaller:1.3.1] AndroidManifest.xml:38:13-36
147            android:permission="android.permission.DUMP" >
147-->[androidx.profileinstaller:profileinstaller:1.3.1] AndroidManifest.xml:39:13-57
148            <intent-filter>
148-->[androidx.profileinstaller:profileinstaller:1.3.1] AndroidManifest.xml:40:13-42:29
149                <action android:name="androidx.profileinstaller.action.INSTALL_PROFILE" />
149-->[androidx.profileinstaller:profileinstaller:1.3.1] AndroidManifest.xml:41:17-91
149-->[androidx.profileinstaller:profileinstaller:1.3.1] AndroidManifest.xml:41:25-88
150            </intent-filter>
151            <intent-filter>
151-->[androidx.profileinstaller:profileinstaller:1.3.1] AndroidManifest.xml:43:13-45:29
152                <action android:name="androidx.profileinstaller.action.SKIP_FILE" />
152-->[androidx.profileinstaller:profileinstaller:1.3.1] AndroidManifest.xml:44:17-85
152-->[androidx.profileinstaller:profileinstaller:1.3.1] AndroidManifest.xml:44:25-82
153            </intent-filter>
154            <intent-filter>
154-->[androidx.profileinstaller:profileinstaller:1.3.1] AndroidManifest.xml:46:13-48:29
155                <action android:name="androidx.profileinstaller.action.SAVE_PROFILE" />
155-->[androidx.profileinstaller:profileinstaller:1.3.1] AndroidManifest.xml:47:17-88
155-->[androidx.profileinstaller:profileinstaller:1.3.1] AndroidManifest.xml:47:25-85
156            </intent-filter>
157            <intent-filter>
157-->[androidx.profileinstaller:profileinstaller:1.3.1] AndroidManifest.xml:49:13-51:29
158                <action android:name="androidx.profileinstaller.action.BENCHMARK_OPERATION" />
158-->[androidx.profileinstaller:profileinstaller:1.3.1] AndroidManifest.xml:50:17-95
158-->[androidx.profileinstaller:profileinstaller:1.3.1] AndroidManifest.xml:50:25-92
159            </intent-filter>
160        </receiver>
161    </application>
162
163</manifest>